This is pdfTeX, Version 3.141592653-2.6-1.40.22 (TeX Live 2021/Homebrew) (preloaded format=pdflatex 2022.3.3)  10 APR 2022 17:30
entering extended mode
 restricted \write18 enabled.
 file:line:error style messages enabled.
 %&-line parsing enabled.
**/Users/adam/Repositories/DegreeProject/Paper/degree-report.tex
(/Users/adam/Repositories/DegreeProject/Paper/degree-report.tex
LaTeX2e <2020-10-01> patch level 4
L3 programming layer <2021-02-18> (/Users/adam/Repositories/DegreeProject/Paper/timtm.cls
Document Class: timtm 2021/11/09 v1.0 Template for the Interactive Media Technology (TIMTM) and Media Management (TMMTM) programmes at KTH Royal Institute of Technology. 
(/opt/homebrew/Cellar/texlive/58837_1/share/texmf-dist/tex/latex/xkeyval/xkeyval.sty
Package: xkeyval 2020/11/20 v2.8 package option processing (HA)
 (/opt/homebrew/Cellar/texlive/58837_1/share/texmf-dist/tex/generic/xkeyval/xkeyval.tex (/opt/homebrew/Cellar/texlive/58837_1/share/texmf-dist/tex/generic/xkeyval/xkvutils.tex
\XKV@toks=\toks15
\XKV@tempa@toks=\toks16
 (/opt/homebrew/Cellar/texlive/58837_1/share/texmf-dist/tex/generic/xkeyval/keyval.tex))
\XKV@depth=\count179
File: xkeyval.tex 2014/12/03 v2.7a key=value parser (HA)
)) (/opt/homebrew/Cellar/texlive/58837_1/share/texmf-dist/tex/generic/xstring/xstring.sty (/opt/homebrew/Cellar/texlive/58837_1/share/texmf-dist/tex/generic/xstring/xstring.tex
\integerpart=\count180
\decimalpart=\count181
)
Package: xstring 2019/02/06 v1.83 String manipulations (CT)
) (/opt/homebrew/Cellar/texlive/58837_1/share/texmf-dist/tex/generic/iftex/iftex.sty
Package: iftex 2020/03/06 v1.0d TeX engine tests
) (/opt/homebrew/Cellar/texlive/58837_1/share/texmf-dist/tex/latex/base/inputenc.sty
Package: inputenc 2020/08/01 v1.3d Input encoding file
\inpenc@prehook=\toks17
\inpenc@posthook=\toks18
)
Package timtm Info: Not using screen mode on input line 68.
Package timtm Info: Using breaking urls on hyphens on input line 76.
Package timtm Info: Requiring acmthm on input line 84.
Package timtm Info: Not using review mode on input line 93.
Package timtm Info: Not using authorversion mode on input line 101.
Package timtm Info: Explicitly selecting natbib mode on input line 117.
Package timtm Info: Not using anonymous mode on input line 125.
Package timtm Info: Not using authordraft mode on input line 134.
Package timtm Info: Using screen mode on input line 143.
Class timtm Info: Using format manuscript, number 0 on input line 143.
Class timtm Info: Using fontsize 9pt on input line 183.
 (/opt/homebrew/Cellar/texlive/58837_1/share/texmf-dist/tex/latex/amscls/amsart.cls
Document Class: amsart 2020/05/29 v2.20.6
\linespacing=\dimen138
\normalparindent=\dimen139
\normaltopskip=\skip47
(/opt/homebrew/Cellar/texlive/58837_1/share/texmf-dist/tex/latex/amsmath/amsmath.sty
Package: amsmath 2020/09/23 v2.17i AMS math features
\@mathmargin=\skip48

For additional information on amsmath, use the `?' option.
(/opt/homebrew/Cellar/texlive/58837_1/share/texmf-dist/tex/latex/amsmath/amstext.sty
Package: amstext 2000/06/29 v2.01 AMS text
 (/opt/homebrew/Cellar/texlive/58837_1/share/texmf-dist/tex/latex/amsmath/amsgen.sty
File: amsgen.sty 1999/11/30 v2.0 generic functions
\@emptytoks=\toks19
\ex@=\dimen140
)) (/opt/homebrew/Cellar/texlive/58837_1/share/texmf-dist/tex/latex/amsmath/amsbsy.sty
Package: amsbsy 1999/11/29 v1.2d Bold Symbols
\pmbraise@=\dimen141
) (/opt/homebrew/Cellar/texlive/58837_1/share/texmf-dist/tex/latex/amsmath/amsopn.sty
Package: amsopn 2016/03/08 v2.02 operator names
)
\inf@bad=\count182
LaTeX Info: Redefining \frac on input line 234.
\uproot@=\count183
\leftroot@=\count184
LaTeX Info: Redefining \overline on input line 399.
\classnum@=\count185
\DOTSCASE@=\count186
LaTeX Info: Redefining \ldots on input line 496.
LaTeX Info: Redefining \dots on input line 499.
LaTeX Info: Redefining \cdots on input line 620.
\Mathstrutbox@=\box47
\strutbox@=\box48
\big@size=\dimen142
LaTeX Font Info:    Redeclaring font encoding OML on input line 743.
LaTeX Font Info:    Redeclaring font encoding OMS on input line 744.
\macc@depth=\count187
\c@MaxMatrixCols=\count188
\dotsspace@=\muskip16
\c@parentequation=\count189
\dspbrk@lvl=\count190
\tag@help=\toks20
\row@=\count191
\column@=\count192
\maxfields@=\count193
\andhelp@=\toks21
\eqnshift@=\dimen143
\alignsep@=\dimen144
\tagshift@=\dimen145
\tagwidth@=\dimen146
\totwidth@=\dimen147
\lineht@=\dimen148
\@envbody=\toks22
\multlinegap=\skip49
\multlinetaggap=\skip50
\mathdisplay@stack=\toks23
LaTeX Info: Redefining \[ on input line 2923.
LaTeX Info: Redefining \] on input line 2924.
)
LaTeX Font Info:    Trying to load font information for U+msa on input line 397.
 (/opt/homebrew/Cellar/texlive/58837_1/share/texmf-dist/tex/latex/amsfonts/umsa.fd
File: umsa.fd 2013/01/14 v3.01 AMS symbols A
) (/opt/homebrew/Cellar/texlive/58837_1/share/texmf-dist/tex/latex/amsfonts/amsfonts.sty
Package: amsfonts 2013/01/14 v3.01 Basic AMSFonts support
\symAMSa=\mathgroup4
\symAMSb=\mathgroup5
LaTeX Font Info:    Redeclaring math symbol \hbar on input line 98.
LaTeX Font Info:    Overwriting math alphabet `\mathfrak' in version `bold'
(Font)                  U/euf/m/n --> U/euf/b/n on input line 106.
)
\copyins=\insert199
\abstractbox=\box49
\listisep=\skip51
\c@part=\count194
\c@section=\count195
\c@subsection=\count196
\c@subsubsection=\count197
\c@paragraph=\count198
\c@subparagraph=\count266
\c@figure=\count267
\c@table=\count268
\abovecaptionskip=\skip52
\belowcaptionskip=\skip53
\captionindent=\dimen149
\thm@style=\toks24
\thm@bodyfont=\toks25
\thm@headfont=\toks26
\thm@notefont=\toks27
\thm@headpunct=\toks28
\thm@preskip=\skip54
\thm@postskip=\skip55
\thm@headsep=\skip56
\dth@everypar=\toks29
) (/opt/homebrew/Cellar/texlive/58837_1/share/texmf-dist/tex/latex/microtype/microtype.sty
Package: microtype 2021/03/14 v2.8c Micro-typographical refinements (RS)
\MT@toks=\toks30
\MT@count=\count269
LaTeX Info: Redefining \textls on input line 790.
\MT@outer@kern=\dimen150
LaTeX Info: Redefining \textmicrotypecontext on input line 1374.
\MT@listname@count=\count270
 (/opt/homebrew/Cellar/texlive/58837_1/share/texmf-dist/tex/latex/microtype/microtype-pdftex.def
File: microtype-pdftex.def 2021/03/14 v2.8c Definitions specific to pdftex (RS)
LaTeX Info: Redefining \lsstyle on input line 915.
LaTeX Info: Redefining \lslig on input line 915.
\MT@outer@space=\skip57
)
Package microtype Info: Loading configuration file microtype.cfg.
 (/opt/homebrew/Cellar/texlive/58837_1/share/texmf-dist/tex/latex/microtype/microtype.cfg
File: microtype.cfg 2021/03/14 v2.8c microtype main configuration file (RS)
)) (/opt/homebrew/Cellar/texlive/58837_1/share/texmf-dist/tex/latex/etoolbox/etoolbox.sty
Package: etoolbox 2020/10/05 v2.5k e-TeX tools for LaTeX (JAW)
\etb@tempcnta=\count271
) (/opt/homebrew/Cellar/texlive/58837_1/share/texmf-dist/tex/latex/booktabs/booktabs.sty
Package: booktabs 2020/01/12 v1.61803398 Publication quality tables
\heavyrulewidth=\dimen151
\lightrulewidth=\dimen152
\cmidrulewidth=\dimen153
\belowrulesep=\dimen154
\belowbottomsep=\dimen155
\aboverulesep=\dimen156
\abovetopsep=\dimen157
\cmidrulesep=\dimen158
\cmidrulekern=\dimen159
\defaultaddspace=\dimen160
\@cmidla=\count272
\@cmidlb=\count273
\@aboverulesep=\dimen161
\@belowrulesep=\dimen162
\@thisruleclass=\count274
\@lastruleclass=\count275
\@thisrulewidth=\dimen163
) (/opt/homebrew/Cellar/texlive/58837_1/share/texmf-dist/tex/latex/refcount/refcount.sty
Package: refcount 2019/12/15 v3.6 Data extraction from label references (HO)
 (/opt/homebrew/Cellar/texlive/58837_1/share/texmf-dist/tex/generic/ltxcmds/ltxcmds.sty
Package: ltxcmds 2020-05-10 v1.25 LaTeX kernel commands for general use (HO)
) (/opt/homebrew/Cellar/texlive/58837_1/share/texmf-dist/tex/generic/infwarerr/infwarerr.sty
Package: infwarerr 2019/12/03 v1.5 Providing info/warning/error messages (HO)
)) (/opt/homebrew/Cellar/texlive/58837_1/share/texmf-dist/tex/latex/totpages/totpages.sty
Package: totpages 2005/09/19 v2.00 Totpages Package (muewi)
 (/opt/homebrew/Cellar/texlive/58837_1/share/texmf-dist/tex/latex/base/everyshi-ltx.sty
Package: everyshi-ltx 2020/08/17 v1.0a Emulation of the original everyshi package
with kernel methods
)) (/opt/homebrew/Cellar/texlive/58837_1/share/texmf-dist/tex/latex/environ/environ.sty
Package: environ 2014/05/04 v0.3 A new way to define environments
 (/opt/homebrew/Cellar/texlive/58837_1/share/texmf-dist/tex/latex/trimspaces/trimspaces.sty
Package: trimspaces 2009/09/17 v1.1 Trim spaces around a token list
)) (/opt/homebrew/Cellar/texlive/58837_1/share/texmf-dist/tex/latex/setspace/setspace.sty
Package: setspace 2011/12/19 v6.7a set line spacing
) (/opt/homebrew/Cellar/texlive/58837_1/share/texmf-dist/tex/latex/textcase/textcase.sty
Package: textcase 2019/09/14 v1.00 Text only upper/lower case changing (DPC)
) (/opt/homebrew/Cellar/texlive/58837_1/share/texmf-dist/tex/latex/natbib/natbib.sty
Package: natbib 2010/09/13 8.31b (PWD, AO)
\bibhang=\skip58
\bibsep=\skip59
LaTeX Info: Redefining \cite on input line 694.
\c@NAT@ctr=\count276
) (/opt/homebrew/Cellar/texlive/58837_1/share/texmf-dist/tex/latex/hyperxmp/hyperxmp.sty
Package: hyperxmp 2020/11/22 v5.9 Store hyperref metadata in XMP format
\hyxmp@aep@toks=\toks31
 (/opt/homebrew/Cellar/texlive/58837_1/share/texmf-dist/tex/latex/kvoptions/kvoptions.sty
Package: kvoptions 2020-10-07 v3.14 Key value format for package options (HO)
 (/opt/homebrew/Cellar/texlive/58837_1/share/texmf-dist/tex/generic/kvsetkeys/kvsetkeys.sty
Package: kvsetkeys 2019/12/15 v1.18 Key value parser (HO)
)) (/opt/homebrew/Cellar/texlive/58837_1/share/texmf-dist/tex/generic/pdfescape/pdfescape.sty
Package: pdfescape 2019/12/09 v1.15 Implements pdfTeX's escape features (HO)
 (/opt/homebrew/Cellar/texlive/58837_1/share/texmf-dist/tex/generic/pdftexcmds/pdftexcmds.sty
Package: pdftexcmds 2020-06-27 v0.33 Utility functions of pdfTeX for LuaTeX (HO)
Package pdftexcmds Info: \pdf@primitive is available.
Package pdftexcmds Info: \pdf@ifprimitive is available.
Package pdftexcmds Info: \pdfdraftmode found.
)) (/opt/homebrew/Cellar/texlive/58837_1/share/texmf-dist/tex/generic/stringenc/stringenc.sty
Package: stringenc 2019/11/29 v1.12 Convert strings between diff. encodings (HO)
) (/opt/homebrew/Cellar/texlive/58837_1/share/texmf-dist/tex/generic/intcalc/intcalc.sty
Package: intcalc 2019/12/15 v1.3 Expandable calculations with integers (HO)
) (/opt/homebrew/Cellar/texlive/58837_1/share/texmf-dist/tex/latex/ifmtarg/ifmtarg.sty
Package: ifmtarg 2018/04/16 v1.2b check for an empty argument
) (/opt/homebrew/Cellar/texlive/58837_1/share/texmf-dist/tex/latex/base/ifthen.sty
Package: ifthen 2014/09/29 v1.1c Standard LaTeX ifthen package (DPC)
) (/opt/homebrew/Cellar/texlive/58837_1/share/texmf-dist/tex/latex/oberdiek/ifdraft.sty
Package: ifdraft 2016/05/16 v1.4 Detect class options draft and final (HO)
) (/opt/homebrew/Cellar/texlive/58837_1/share/texmf-dist/tex/generic/iftex/ifluatex.sty
Package: ifluatex 2019/10/25 v1.5 ifluatex legacy package. Use iftex instead.
)) (/opt/homebrew/Cellar/texlive/58837_1/share/texmf-dist/tex/latex/hyperref/hyperref.sty
Package: hyperref 2021-02-27 v7.00k Hypertext links for LaTeX
 (/opt/homebrew/Cellar/texlive/58837_1/share/texmf-dist/tex/generic/kvdefinekeys/kvdefinekeys.sty
Package: kvdefinekeys 2019-12-19 v1.6 Define keys (HO)
) (/opt/homebrew/Cellar/texlive/58837_1/share/texmf-dist/tex/latex/hycolor/hycolor.sty
Package: hycolor 2020-01-27 v1.10 Color options for hyperref/bookmark (HO)
) (/opt/homebrew/Cellar/texlive/58837_1/share/texmf-dist/tex/latex/letltxmacro/letltxmacro.sty
Package: letltxmacro 2019/12/03 v1.6 Let assignment for LaTeX macros (HO)
) (/opt/homebrew/Cellar/texlive/58837_1/share/texmf-dist/tex/latex/auxhook/auxhook.sty
Package: auxhook 2019-12-17 v1.6 Hooks for auxiliary files (HO)
)
\@linkdim=\dimen164
\Hy@linkcounter=\count277
\Hy@pagecounter=\count278
 (/opt/homebrew/Cellar/texlive/58837_1/share/texmf-dist/tex/latex/hyperref/pd1enc.def
File: pd1enc.def 2021-02-27 v7.00k Hyperref: PDFDocEncoding definition (HO)
Now handling font encoding PD1 ...
... no UTF-8 mapping file for font encoding PD1
) (/opt/homebrew/Cellar/texlive/58837_1/share/texmf-dist/tex/latex/hyperref/hyperref-langpatches.def
File: hyperref-langpatches.def 2021-02-27 v7.00k Hyperref: patches for babel languages
) (/opt/homebrew/Cellar/texlive/58837_1/share/texmf-dist/tex/generic/etexcmds/etexcmds.sty
Package: etexcmds 2019/12/15 v1.7 Avoid name clashes with e-TeX commands (HO)
)
\Hy@SavedSpaceFactor=\count279
 (/opt/homebrew/Cellar/texlive/58837_1/share/texmf-dist/tex/latex/hyperref/puenc.def
File: puenc.def 2021-02-27 v7.00k Hyperref: PDF Unicode definition (HO)
Now handling font encoding PU ...
... no UTF-8 mapping file for font encoding PU
)
Package hyperref Info: Option `bookmarksnumbered' set `true' on input line 4073.
Package hyperref Info: Option `unicode' set `true' on input line 4073.
Package hyperref Info: Hyper figures OFF on input line 4192.
Package hyperref Info: Link nesting OFF on input line 4197.
Package hyperref Info: Hyper index ON on input line 4200.
Package hyperref Info: Plain pages OFF on input line 4207.
Package hyperref Info: Backreferencing OFF on input line 4212.
Package hyperref Info: Implicit mode ON; LaTeX internals redefined.
Package hyperref Info: Bookmarks ON on input line 4445.
\c@Hy@tempcnt=\count280
 (/opt/homebrew/Cellar/texlive/58837_1/share/texmf-dist/tex/latex/url/url.sty
\Urlmuskip=\muskip17
Package: url 2013/09/16  ver 3.4  Verb mode for urls, etc.
)
LaTeX Info: Redefining \url on input line 4804.
\XeTeXLinkMargin=\dimen165
 (/opt/homebrew/Cellar/texlive/58837_1/share/texmf-dist/tex/generic/bitset/bitset.sty
Package: bitset 2019/12/09 v1.3 Handle bit-vector datatype (HO)
 (/opt/homebrew/Cellar/texlive/58837_1/share/texmf-dist/tex/generic/bigintcalc/bigintcalc.sty
Package: bigintcalc 2019/12/15 v1.5 Expandable calculations on big integers (HO)
))
\Fld@menulength=\count281
\Field@Width=\dimen166
\Fld@charsize=\dimen167
Package hyperref Info: Hyper figures OFF on input line 6075.
Package hyperref Info: Link nesting OFF on input line 6080.
Package hyperref Info: Hyper index ON on input line 6083.
Package hyperref Info: backreferencing OFF on input line 6090.
Package hyperref Info: Link coloring OFF on input line 6095.
Package hyperref Info: Link coloring with OCG OFF on input line 6100.
Package hyperref Info: PDF/A mode OFF on input line 6105.
LaTeX Info: Redefining \ref on input line 6145.
LaTeX Info: Redefining \pageref on input line 6149.
 (/opt/homebrew/Cellar/texlive/58837_1/share/texmf-dist/tex/latex/base/atbegshi-ltx.sty
Package: atbegshi-ltx 2020/08/17 v1.0a Emulation of the original atbegshi package
with kernel methods
)
\Hy@abspage=\count282
\c@Item=\count283
\c@Hfootnote=\count284
)
Package hyperref Info: Driver (autodetected): hpdftex.
 (/opt/homebrew/Cellar/texlive/58837_1/share/texmf-dist/tex/latex/hyperref/hpdftex.def
File: hpdftex.def 2021-02-27 v7.00k Hyperref driver for pdfTeX
 (/opt/homebrew/Cellar/texlive/58837_1/share/texmf-dist/tex/latex/base/atveryend-ltx.sty
Package: atveryend-ltx 2020/08/19 v1.0a Emulation of the original atvery package
with kernel methods
)
\Fld@listcount=\count285
\c@bookmark@seq@number=\count286
 (/opt/homebrew/Cellar/texlive/58837_1/share/texmf-dist/tex/latex/rerunfilecheck/rerunfilecheck.sty
Package: rerunfilecheck 2019/12/05 v1.9 Rerun checks for auxiliary files (HO)
 (/opt/homebrew/Cellar/texlive/58837_1/share/texmf-dist/tex/generic/uniquecounter/uniquecounter.sty
Package: uniquecounter 2019/12/15 v1.4 Provide unlimited unique counter (HO)
)
Package uniquecounter Info: New unique counter `rerunfilecheck' on input line 286.
)
\Hy@SectionHShift=\skip60
) (/opt/homebrew/Cellar/texlive/58837_1/share/texmf-dist/tex/latex/graphics/graphicx.sty
Package: graphicx 2020/09/09 v1.2b Enhanced LaTeX Graphics (DPC,SPQR)
 (/opt/homebrew/Cellar/texlive/58837_1/share/texmf-dist/tex/latex/graphics/graphics.sty
Package: graphics 2020/08/30 v1.4c Standard LaTeX Graphics (DPC,SPQR)
 (/opt/homebrew/Cellar/texlive/58837_1/share/texmf-dist/tex/latex/graphics/trig.sty
Package: trig 2016/01/03 v1.10 sin cos tan (DPC)
) (/opt/homebrew/Cellar/texlive/58837_1/share/texmf-dist/tex/latex/graphics-cfg/graphics.cfg
File: graphics.cfg 2016/06/04 v1.11 sample graphics configuration
)
Package graphics Info: Driver file: pdftex.def on input line 105.
 (/opt/homebrew/Cellar/texlive/58837_1/share/texmf-dist/tex/latex/graphics-def/pdftex.def
File: pdftex.def 2020/10/05 v1.2a Graphics/color driver for pdftex
))
\Gin@req@height=\dimen168
\Gin@req@width=\dimen169
) (/opt/homebrew/Cellar/texlive/58837_1/share/texmf-dist/tex/latex/xcolor/xcolor.sty
Package: xcolor 2016/05/11 v2.12 LaTeX color extensions (UK)
 (/opt/homebrew/Cellar/texlive/58837_1/share/texmf-dist/tex/latex/graphics-cfg/color.cfg
File: color.cfg 2016/01/02 v1.6 sample color configuration
)
Package xcolor Info: Driver file: pdftex.def on input line 225.
Package xcolor Info: Model `cmy' substituted by `cmy0' on input line 1348.
Package xcolor Info: Model `hsb' substituted by `rgb' on input line 1352.
Package xcolor Info: Model `RGB' extended on input line 1364.
Package xcolor Info: Model `HTML' substituted by `rgb' on input line 1366.
Package xcolor Info: Model `Hsb' substituted by `hsb' on input line 1367.
Package xcolor Info: Model `tHsb' substituted by `hsb' on input line 1368.
Package xcolor Info: Model `HSB' substituted by `hsb' on input line 1369.
Package xcolor Info: Model `Gray' substituted by `gray' on input line 1370.
Package xcolor Info: Model `wave' substituted by `hsb' on input line 1371.
) (/opt/homebrew/Cellar/texlive/58837_1/share/texmf-dist/tex/latex/geometry/geometry.sty
Package: geometry 2020/01/02 v5.9 Page Geometry
 (/opt/homebrew/Cellar/texlive/58837_1/share/texmf-dist/tex/generic/iftex/ifvtex.sty
Package: ifvtex 2019/10/25 v1.7 ifvtex legacy package. Use iftex instead.
)
\Gm@cnth=\count287
\Gm@cntv=\count288
\c@Gm@tempcnt=\count289
\Gm@bindingoffset=\dimen170
\Gm@wd@mp=\dimen171
\Gm@odd@mp=\dimen172
\Gm@even@mp=\dimen173
\Gm@layoutwidth=\dimen174
\Gm@layoutheight=\dimen175
\Gm@layouthoffset=\dimen176
\Gm@layoutvoffset=\dimen177
\Gm@dimlist=\toks32
) (/opt/homebrew/Cellar/texlive/58837_1/share/texmf-dist/tex/latex/ncctools/manyfoot.sty
Package: manyfoot 2019/08/03 v1.11 Many Footnote Levels Package (NCC)
 (/opt/homebrew/Cellar/texlive/58837_1/share/texmf-dist/tex/latex/ncctools/nccfoots.sty
Package: nccfoots 2005/02/03 v1.2 NCC Footnotes Package (NCC)
)
\MFL@columnwidth=\dimen178
)
\footinsauthorsaddresses=\insert252
\c@footnoteauthorsaddresses=\count290
\footinscopyrightpermission=\insert251
\c@footnotecopyrightpermission=\count291
 (/opt/homebrew/Cellar/texlive/58837_1/share/texmf-dist/tex/generic/pdftex/glyphtounicode.tex) (/opt/homebrew/Cellar/texlive/58837_1/share/texmf-dist/tex/latex/cmap/cmap.sty
Package: cmap 2021/02/06 v1.0j CMap support: searchable PDF
) (/opt/homebrew/Cellar/texlive/58837_1/share/texmf-dist/tex/latex/base/fontenc.sty
Package: fontenc 2020/08/10 v2.0s Standard LaTeX package
<<t1.cmap>>) (/opt/homebrew/Cellar/texlive/58837_1/share/texmf-dist/tex/latex/tex-gyre/tgtermes.sty
Package: tgtermes 2009/09/27 v1.2 TeX Gyre Termes as default roman family
) (/opt/homebrew/Cellar/texlive/58837_1/share/texmf-dist/tex/latex/tex-gyre/tgheros.sty
Package: tgheros 2009/09/27 v1.2 TeX Gyre Heros as default sans serif family
) (/opt/homebrew/Cellar/texlive/58837_1/share/texmf-dist/tex/latex/tex-gyre/tgcursor.sty
Package: tgcursor 2009/09/10 v1.2 TeX Gyre Cursor as default typewriter family
) (/opt/homebrew/Cellar/texlive/58837_1/share/texmf-dist/tex/latex/caption/caption.sty
Package: caption 2020/10/26 v3.5g Customizing captions (AR)
 (/opt/homebrew/Cellar/texlive/58837_1/share/texmf-dist/tex/latex/caption/caption3.sty
Package: caption3 2020/10/21 v2.2e caption3 kernel (AR)
\captionmargin=\dimen179
\captionmargin@=\dimen180
\captionwidth=\dimen181
\caption@tempdima=\dimen182
\caption@indent=\dimen183
\caption@parindent=\dimen184
\caption@hangindent=\dimen185
Package caption Info: AMS or SMF document class detected.
 (/opt/homebrew/Cellar/texlive/58837_1/share/texmf-dist/tex/latex/caption/caption-ams-smf.sto
File: caption-ams-smf.sto 2020/08/22 v2.0 Adaption of the caption package to the AMS and SMF document classes (AR)
))
\c@caption@flags=\count292
\c@continuedfloat=\count293
Package caption Info: hyperref package is loaded.
) (/opt/homebrew/Cellar/texlive/58837_1/share/texmf-dist/tex/latex/float/float.sty
Package: float 2001/11/08 v1.3d Float enhancements (AL)
\c@float@type=\count294
\float@exts=\toks33
\float@box=\box50
\@float@everytoks=\toks34
\@floatcapt=\box51
)
\@float@every@sidebar=\toks35
\c@sidebar=\count295
\fulltextwidth=\dimen186
\@ACM@labelwidth=\dimen187
\listisep=\skip61
\num@authorgroups=\count296
\num@authors=\count297
\@ACM@badge@width=\skip62
\@ACM@title@width=\skip63
\@ACM@badge@skip=\skip64
Class timtm Info: Printing CCS on input line 1286.
Class timtm Info: Printing bibformat on input line 1286.
Class timtm Info: Printing folios on input line 1288.
 (/opt/homebrew/Cellar/texlive/58837_1/share/texmf-dist/tex/latex/comment/comment.sty
\CommentStream=\write3
 Excluding comment 'comment') Excluding comment 'CCSXML'
\c@@concepts=\count298
\mktitle@bx=\box52
\@ACM@commabox=\box53
\author@bx=\box54
\author@bx@wd=\dimen188
\author@bx@sep=\skip65
 (/opt/homebrew/Cellar/texlive/58837_1/share/texmf-dist/tex/latex/fancyhdr/fancyhdr.sty
Package: fancyhdr 2021/01/28 v4.0.1 Extensive control of page headers and footers
\f@nch@headwidth=\skip66
\f@nch@O@elh=\skip67
\f@nch@O@erh=\skip68
\f@nch@O@olh=\skip69
\f@nch@O@orh=\skip70
\f@nch@O@elf=\skip71
\f@nch@O@erf=\skip72
\f@nch@O@olf=\skip73
\f@nch@O@orf=\skip74
)
\@folio@wd=\dimen189
\@folio@ht=\dimen190
\@folio@voffset=\dimen191
 Special comment 'acks'
LaTeX Font Info:    Trying to load font information for T1+qtm on input line 2481.
 (/opt/homebrew/Cellar/texlive/58837_1/share/texmf-dist/tex/latex/tex-gyre/t1qtm.fd
File: t1qtm.fd 2009/09/25 v1.2 font definition file for T1/qtm
))
Package hyperref Info: Option `colorlinks' set `true' on input line 89.
Package hyperref Info: Option `pdfdisplaydoctitle' set `true' on input line 89.
\c@theorem=\count299
 Include comment 'screenonly' Excluding comment 'printonly' Include comment 'anonsuppress' (/opt/homebrew/Cellar/texlive/58837_1/share/texmf-dist/tex/latex/l3backend/l3backend-pdftex.def
File: l3backend-pdftex.def 2021-03-18 L3 backend support: PDF output (pdfTeX)
\l__color_backend_stack_int=\count300
\l__pdf_internal_box=\box55
)

LaTeX Warning: Unused global option(s):
    [sigcconf].

(/Users/adam/Repositories/DegreeProject/Paper/degree-report.aux)
\openout1 = `degree-report.aux'.

LaTeX Font Info:    Checking defaults for OML/cmm/m/it on input line 89.
LaTeX Font Info:    ... okay on input line 89.
LaTeX Font Info:    Checking defaults for OMS/cmsy/m/n on input line 89.
LaTeX Font Info:    ... okay on input line 89.
LaTeX Font Info:    Checking defaults for OT1/cmr/m/n on input line 89.
LaTeX Font Info:    ... okay on input line 89.
LaTeX Font Info:    Checking defaults for T1/cmr/m/n on input line 89.
LaTeX Font Info:    ... okay on input line 89.
LaTeX Font Info:    Checking defaults for TS1/cmr/m/n on input line 89.
LaTeX Font Info:    ... okay on input line 89.
LaTeX Font Info:    Checking defaults for OMX/cmex/m/n on input line 89.
LaTeX Font Info:    ... okay on input line 89.
LaTeX Font Info:    Checking defaults for U/cmr/m/n on input line 89.
LaTeX Font Info:    ... okay on input line 89.
LaTeX Font Info:    Checking defaults for PD1/pdf/m/n on input line 89.
LaTeX Font Info:    ... okay on input line 89.
LaTeX Font Info:    Checking defaults for PU/pdf/m/n on input line 89.
LaTeX Font Info:    ... okay on input line 89.
<<ot1.cmap>><<oml.cmap>><<oms.cmap>><<omx.cmap>>
LaTeX Font Info:    Trying to load font information for U+msa on input line 89.
 (/opt/homebrew/Cellar/texlive/58837_1/share/texmf-dist/tex/latex/amsfonts/umsa.fd
File: umsa.fd 2013/01/14 v3.01 AMS symbols A
)
LaTeX Font Info:    Trying to load font information for U+msb on input line 89.
 (/opt/homebrew/Cellar/texlive/58837_1/share/texmf-dist/tex/latex/amsfonts/umsb.fd
File: umsb.fd 2013/01/14 v3.01 AMS symbols B
)
LaTeX Info: Redefining \microtypecontext on input line 89.
Package microtype Info: Generating PDF output.
Package microtype Info: Character protrusion enabled (level 2).
Package microtype Info: Using default protrusion set `alltext'.
Package microtype Info: Automatic font expansion enabled (level 2),
(microtype)             stretch: 20, shrink: 20, step: 1, non-selected.
Package microtype Info: Using default expansion set `alltext-nott'.
LaTeX Info: Redefining \showhyphens on input line 89.
Package microtype Info: No adjustment of tracking.
Package microtype Info: No adjustment of interword spacing.
Package microtype Info: No adjustment of character kerning.
 (/opt/homebrew/Cellar/texlive/58837_1/share/texmf-dist/tex/latex/microtype/mt-ptm.cfg
File: mt-ptm.cfg 2006/04/20 v1.7 microtype config. file: Times (RS)
)
Package hyperref Info: Link coloring ON on input line 89.
 (/opt/homebrew/Cellar/texlive/58837_1/share/texmf-dist/tex/latex/hyperref/nameref.sty
Package: nameref 2021-04-02 v2.47 Cross-referencing by name of section
 (/opt/homebrew/Cellar/texlive/58837_1/share/texmf-dist/tex/generic/gettitlestring/gettitlestring.sty
Package: gettitlestring 2019/12/15 v1.6 Cleanup title references (HO)
)
\c@section@level=\count301
)
LaTeX Info: Redefining \ref on input line 89.
LaTeX Info: Redefining \pageref on input line 89.
LaTeX Info: Redefining \nameref on input line 89.
 (/Users/adam/Repositories/DegreeProject/Paper/degree-report.out) (/Users/adam/Repositories/DegreeProject/Paper/degree-report.out)
\@outlinefile=\write4
\openout4 = `degree-report.out'.

 (/opt/homebrew/Cellar/texlive/58837_1/share/texmf-dist/tex/context/base/mkii/supp-pdf.mkii
[Loading MPS to PDF converter (version 2006.09.02).]
\scratchcounter=\count302
\scratchdimen=\dimen192
\scratchbox=\box56
\nofMPsegments=\count303
\nofMParguments=\count304
\everyMPshowfont=\toks36
\MPscratchCnt=\count305
\MPscratchDim=\dimen193
\MPnumerator=\count306
\makeMPintoPDFobject=\count307
\everyMPtoPDFconversion=\toks37
) (/opt/homebrew/Cellar/texlive/58837_1/share/texmf-dist/tex/latex/epstopdf-pkg/epstopdf-base.sty
Package: epstopdf-base 2020-01-24 v2.11 Base part for package epstopdf
Package epstopdf-base Info: Redefining graphics rule for `.eps' on input line 485.
 (/opt/homebrew/Cellar/texlive/58837_1/share/texmf-dist/tex/latex/latexconfig/epstopdf-sys.cfg
File: epstopdf-sys.cfg 2010/07/13 v1.3 Configuration of (r)epstopdf for TeX Live
))
*geometry* driver: auto-detecting
*geometry* detected driver: pdftex
*geometry* verbose mode - [ preamble ] result:
* driver: pdftex
* paper: letterpaper
* layout: <same size as paper>
* layoutoffset:(h,v)=(0.0pt,0.0pt)
* modes: twoside heightrounded 
* h-part:(L,W,R)=(73.71613pt, 430.00462pt, 110.57425pt)
* v-part:(T,H,B)=(95.39737pt, 556.47656pt, 143.09605pt)
* \paperwidth=614.295pt
* \paperheight=794.96999pt
* \textwidth=430.00462pt
* \textheight=560.0pt
* \oddsidemargin=1.44614pt
* \evensidemargin=38.30426pt
* \topmargin=-3.87262pt
* \headheight=13.0pt
* \headsep=14.0pt
* \topskip=10.0pt
* \footskip=12.0pt
* \marginparwidth=72.0pt
* \marginparsep=11.0pt
* \columnsep=10.0pt
* \skip\footins=7.0pt plus 11.0pt
* \hoffset=0.0pt
* \voffset=0.0pt
* \mag=1000
* \@twocolumnfalse
* \@twosidetrue
* \@mparswitchtrue
* \@reversemarginfalse
* (1in=72.27pt=25.4mm, 1cm=28.453pt)

Package caption Info: Begin \AtBeginDocument code.
Package caption Info: float package is loaded.
Package caption Info: End \AtBeginDocument code.
Excluding 'CCSXML' comment.
LaTeX Font Info:    Trying to load font information for T1+qhv on input line 196.
 (/opt/homebrew/Cellar/texlive/58837_1/share/texmf-dist/tex/latex/tex-gyre/t1qhv.fd
File: t1qhv.fd 2009/09/25 v1.2 font definition file for T1/qhv
)
Package microtype Info: Loading generic protrusion settings for font family
(microtype)             `qhv' (encoding: T1).
(microtype)             For optimal results, create family-specific settings.
(microtype)             See the microtype manual for details.
LaTeX Font Info:    Trying to load font information for TS1+qtm on input line 196.
 (/opt/homebrew/Cellar/texlive/58837_1/share/texmf-dist/tex/latex/tex-gyre/ts1qtm.fd
File: ts1qtm.fd 2009/09/25 v1.2 font definition file for TS1/qtm
) (/opt/homebrew/Cellar/texlive/58837_1/share/texmf-dist/tex/latex/microtype/mt-cmr.cfg
File: mt-cmr.cfg 2013/05/19 v2.2 microtype config. file: Computer Modern Roman (RS)
) (/opt/homebrew/Cellar/texlive/58837_1/share/texmf-dist/tex/latex/microtype/mt-msa.cfg
File: mt-msa.cfg 2006/02/04 v1.1 microtype config. file: AMS symbols (a) (RS)
) (/opt/homebrew/Cellar/texlive/58837_1/share/texmf-dist/tex/latex/microtype/mt-msb.cfg
File: mt-msb.cfg 2005/06/01 v1.0 microtype config. file: AMS symbols (b) (RS)
) [1.1{/opt/homebrew/Cellar/texlive/58837_1/share/texmf-dist/fonts/map/pdftex/updmap/pdftex.map}]
<figures/blockly.png, id=183, 958.58125pt x 537.00626pt>
File: figures/blockly.png Graphic file (type png)
<use figures/blockly.png>
Package pdftex.def Info: figures/blockly.png  used on input line 211.
(pdftex.def)             Requested size: 430.00462pt x 240.89673pt.


Class timtm Warning: A possible image without description on input line 214.

[2.2 </Users/adam/Repositories/DegreeProject/Paper/figures/blockly.png>]
Underfull \vbox (badness 10000) has occurred while \output is active []

 [3.3]
<figures/AccommodationVergenceConflict.png, id=223, 1181.16281pt x 688.82344pt>
File: figures/AccommodationVergenceConflict.png Graphic file (type png)
<use figures/AccommodationVergenceConflict.png>
Package pdftex.def Info: figures/AccommodationVergenceConflict.png  used on input line 244.
(pdftex.def)             Requested size: 430.00462pt x 250.76155pt.


Class timtm Warning: A possible image without description on input line 247.


LaTeX Warning: `h' float specifier changed to `ht'.

<figures/ComfortViewingDiagram.png, id=227, 794.97pt x 378.66469pt>
File: figures/ComfortViewingDiagram.png Graphic file (type png)
<use figures/ComfortViewingDiagram.png>
Package pdftex.def Info: figures/ComfortViewingDiagram.png  used on input line 252.
(pdftex.def)             Requested size: 430.00462pt x 204.82834pt.

Class timtm Warning: A possible image without description on input line 255.


LaTeX Warning: `h' float specifier changed to `ht'.

[4.4] [5.5 </Users/adam/Repositories/DegreeProject/Paper/figures/AccommodationVergenceConflict.png> </Users/adam/Repositories/DegreeProject/Paper/figures/ComfortViewingDiagram.png>] [6.6]
LaTeX Font Info:    Trying to load font information for T1+qcr on input line 327.
 (/opt/homebrew/Cellar/texlive/58837_1/share/texmf-dist/tex/latex/tex-gyre/t1qcr.fd
File: t1qcr.fd 2009/09/25 v1.2 font definition file for T1/qcr
)
Package microtype Info: Loading generic protrusion settings for font family
(microtype)             `qcr' (encoding: T1).
(microtype)             For optimal results, create family-specific settings.
(microtype)             See the microtype manual for details.
 [7.7]
Overfull \hbox (14.80196pt too wide) in paragraph at lines 418--422
\T1/qtm/m/n/9 (-20) Your work should use stan-dard L[]T[]X sec-tion-ing com-mands: [][]\T1/qcr/m/n/9 section[]\T1/qtm/m/n/9 (-20) , [][]\T1/qcr/m/n/9 subsection[]\T1/qtm/m/n/9 (-20) , [][]\T1/qcr/m/n/9 subsubsection[]\T1/qtm/m/n/9 (-20) , and [][]\T1/qcr/m/n/9 paragraph[]\T1/qtm/m/n/9 (-20) .
 []


Underfull \vbox (badness 2837) has occurred while \output is active []

 [8.8]
Underfull \vbox (badness 3815) has occurred while \output is active []

 [9.9]

Package natbib Warning: Citation `Lamport:LaTeX' on page 10 undefined on input line 504.

<sample-franklin.png, id=306, 411.5375pt x 323.2075pt>
File: sample-franklin.png Graphic file (type png)
<use sample-franklin.png>
Package pdftex.def Info: sample-franklin.png  used on input line 545.
(pdftex.def)             Requested size: 430.00462pt x 337.71095pt.
[10.10]
Package microtype Info: Character `029' is missing
(microtype)             in font `T1/qtm/m/sc/9'.
(microtype)             Ignoring protrusion settings for this character.

Overfull \hbox (7.55113pt too wide) in paragraph at lines 583--585
[]\T1/qtm/m/n/9 (-20) The bib-li-og-ra-phy is in-cluded in your source doc-u-ment with these two com-mands, placed just be-fore the [][]\T1/qcr/m/n/9 \end{document}
 []

[11.11 </Users/adam/Repositories/DegreeProject/Paper/sample-franklin.png>] Excluding 'comment' comment.

Package natbib Warning: Citation `Abril07' on page 12 undefined on input line 603.


Package natbib Warning: Citation `Cohen07' on page 12 undefined on input line 604.


Package natbib Warning: Citation `JCohen96' on page 12 undefined on input line 605.


Package natbib Warning: Citation `Kosiur01' on page 12 undefined on input line 605.


Package natbib Warning: Citation `Harel79' on page 12 undefined on input line 606.


Package natbib Warning: Citation `Editor00' on page 12 undefined on input line 607.


Package natbib Warning: Citation `Editor00a' on page 12 undefined on input line 608.


Package natbib Warning: Citation `Spector90' on page 12 undefined on input line 610.


Package natbib Warning: Citation `Douglass98' on page 12 undefined on input line 611.


Package natbib Warning: Citation `Knuth97' on page 12 undefined on input line 612.


Package natbib Warning: Citation `Andler79' on page 12 undefined on input line 614.


Package natbib Warning: Citation `Hagerup1993' on page 12 undefined on input line 614.


Package natbib Warning: Citation `Smith10' on page 12 undefined on input line 615.


Package natbib Warning: Citation `VanGundy07' on page 12 undefined on input line 616.


Package natbib Warning: Citation `Harel78' on page 12 undefined on input line 617.


Package natbib Warning: Citation `Bornmann2019' on page 12 undefined on input line 618.


Package natbib Warning: Citation `AnzarootPBM14' on page 12 undefined on input line 618.


Package natbib Warning: Citation `Clarkson85' on page 12 undefined on input line 618.


Package natbib Warning: Citation `anisi03' on page 12 undefined on input line 619.


Package natbib Warning: Citation `Thornburg01' on page 12 undefined on input line 620.


Package natbib Warning: Citation `Ablamowicz07' on page 12 undefined on input line 620.


Package natbib Warning: Citation `Poker06' on page 12 undefined on input line 620.


Package natbib Warning: Citation `Obama08' on page 12 undefined on input line 621.


Package natbib Warning: Citation `Novak03' on page 12 undefined on input line 621.


Package natbib Warning: Citation `Lee05' on page 12 undefined on input line 621.


Package natbib Warning: Citation `JoeScientist001' on page 12 undefined on input line 622.


Package natbib Warning: Citation `rous08' on page 12 undefined on input line 623.


Package natbib Warning: Citation `SaeediMEJ10' on page 12 undefined on input line 624.


Package natbib Warning: Citation `SaeediJETC10' on page 12 undefined on input line 624.


Package natbib Warning: Citation `Kirschmer:2010:AEI:1958016.1958018' on page 12 undefined on input line 626.


Package natbib Warning: Citation `MR781536' on page 12 undefined on input line 627.


Package natbib Warning: Citation `MR781537' on page 12 undefined on input line 627.


Package natbib Warning: Citation `2004:ITE:1009386.1010128' on page 12 undefined on input line 629.


Package natbib Warning: Citation `Kirschmer:2010:AEI:1958016.1958018' on page 12 undefined on input line 629.


Package natbib Warning: Citation `TUGInstmem' on page 12 undefined on input line 630.


Package natbib Warning: Citation `Thornburg01' on page 12 undefined on input line 630.


Package natbib Warning: Citation `CTANacmart' on page 12 undefined on input line 630.


Package natbib Warning: Citation `R' on page 12 undefined on input line 631.


Package natbib Warning: Citation `UMassCitations' on page 12 undefined on input line 631.

LaTeX Font Info:    Trying to load font information for T1+txr on input line 670.
(/opt/homebrew/Cellar/texlive/58837_1/share/texmf-dist/tex/latex/txfonts/t1txr.fd
File: t1txr.fd 2000/12/15 v3.1
)
LaTeX Font Info:    Trying to load font information for TS1+txr on input line 670.
 (/opt/homebrew/Cellar/texlive/58837_1/share/texmf-dist/tex/latex/txfonts/ts1txr.fd
File: ts1txr.fd 2000/12/15 v3.1
)

Package natbib Warning: Citation `Schwartz:1995:GBF' on page 12 undefined on input line 678.


Package natbib Warning: Citation `ACMdiversity' on page 12 undefined on input line 679.

[12.12] [13.13] Processing 'acks' comment.
\openout3 = `comment.cut'.

 Comment 'acks' writing to comment.cut. Straight input of comment.cut. (/Users/adam/Repositories/DegreeProject/Paper/comment.cut) (/Users/adam/Repositories/DegreeProject/Paper/degree-report.bbl
LaTeX Info: Redefining \tempurl on input line 79.
LaTeX Info: Redefining \tempurl on input line 97.
LaTeX Info: Redefining \tempurl on input line 111.
LaTeX Info: Redefining \tempurl on input line 140.
LaTeX Info: Redefining \tempurl on input line 155.
LaTeX Info: Redefining \tempurl on input line 175.
LaTeX Info: Redefining \tempurl on input line 191.
LaTeX Info: Redefining \tempurl on input line 209.
LaTeX Info: Redefining \tempurl on input line 226.
LaTeX Info: Redefining \tempurl on input line 245.
LaTeX Info: Redefining \tempurl on input line 260.
LaTeX Info: Redefining \tempurl on input line 277.
LaTeX Info: Redefining \tempurl on input line 291.
LaTeX Info: Redefining \tempurl on input line 314.
LaTeX Info: Redefining \tempurl on input line 331.
LaTeX Info: Redefining \tempurl on input line 348.
LaTeX Info: Redefining \tempurl on input line 379.
LaTeX Info: Redefining \tempurl on input line 398.

Underfull \vbox (badness 3690) has occurred while \output is active []

 [14.14]
LaTeX Info: Redefining \tempurl on input line 414.
LaTeX Info: Redefining \tempurl on input line 431.
)

Package natbib Warning: There were undefined citations.

(/opt/homebrew/Cellar/texlive/58837_1/share/texmf-dist/tex/generic/stringenc/se-pdfdoc.def
File: se-pdfdoc.def 2019/11/29 v1.12 stringenc: PDFDocEncoding
) (/opt/homebrew/Cellar/texlive/58837_1/share/texmf-dist/tex/generic/stringenc/se-utf8.def
File: se-utf8.def 2019/11/29 v1.12 stringenc: UTF-8
)

Class timtm Warning: Some images may lack descriptions.

[15.15] (/Users/adam/Repositories/DegreeProject/Paper/degree-report.aux)
Package rerunfilecheck Info: File `degree-report.out' has not changed.
(rerunfilecheck)             Checksum: 703234202130B4BC2B9959FCD794890B;5210.
 ) 
Here is how much of TeX's memory you used:
 16802 strings out of 478994
 264237 string characters out of 5848625
 681225 words of memory out of 5000000
 33390 multiletter control sequences out of 15000+600000
 491917 words of font info for 204 fonts, out of 8000000 for 9000
 1302 hyphenation exceptions out of 8191
 96i,12n,131p,1657b,733s stack positions out of 5000i,500n,10000p,200000b,80000s
{/opt/homebrew/Cellar/texlive/58837_1/share/texmf-dist/fonts/enc/dvips/tex-gyre/q-ec-sc.enc}{/opt/homebrew/Cellar/texlive/58837_1/share/texmf-dist/fonts/enc/dvips/tex-gyre/q-ec.enc}{/opt/homebrew/Cellar/texlive/58837_1/share/texmf-dist/fonts/enc/dvips/tex-gyre/q-ts1.enc}</opt/homebrew/Cellar/texlive/58837_1/share/texmf-dist/fonts/type1/public/amsfonts/cmextra/cmex9.pfb></opt/homebrew/Cellar/texlive/58837_1/share/texmf-dist/fonts/type1/public/amsfonts/cm/cmmi6.pfb></opt/homebrew/Cellar/texlive/58837_1/share/texmf-dist/fonts/type1/public/amsfonts/cm/cmmi9.pfb></opt/homebrew/Cellar/texlive/58837_1/share/texmf-dist/fonts/type1/public/amsfonts/cm/cmr6.pfb></opt/homebrew/Cellar/texlive/58837_1/share/texmf-dist/fonts/type1/public/amsfonts/cm/cmr9.pfb></opt/homebrew/Cellar/texlive/58837_1/share/texmf-dist/fonts/type1/public/amsfonts/cm/cmsy6.pfb></opt/homebrew/Cellar/texlive/58837_1/share/texmf-dist/fonts/type1/public/amsfonts/cm/cmsy8.pfb></opt/homebrew/Cellar/texlive/58837_1/share/texmf-dist/fonts/type1/public/amsfonts/cm/cmsy9.pfb></opt/homebrew/Cellar/texlive/58837_1/share/texmf-dist/fonts/type1/public/tex-gyre/qcrr.pfb></opt/homebrew/Cellar/texlive/58837_1/share/texmf-dist/fonts/type1/public/tex-gyre/qhvb.pfb></opt/homebrew/Cellar/texlive/58837_1/share/texmf-dist/fonts/type1/public/tex-gyre/qhvr.pfb></opt/homebrew/Cellar/texlive/58837_1/share/texmf-dist/fonts/type1/public/tex-gyre/qhvri.pfb></opt/homebrew/Cellar/texlive/58837_1/share/texmf-dist/fonts/type1/public/tex-gyre/qtmb.pfb></opt/homebrew/Cellar/texlive/58837_1/share/texmf-dist/fonts/type1/public/tex-gyre/qtmr.pfb></opt/homebrew/Cellar/texlive/58837_1/share/texmf-dist/fonts/type1/public/tex-gyre/qtmri.pfb></opt/homebrew/Cellar/texlive/58837_1/share/texmf-dist/fonts/type1/public/txfonts/rtcxr.pfb>
Output written on /Users/adam/Repositories/DegreeProject/Paper/degree-report.pdf (15 pages, 1085458 bytes).
PDF statistics:
 465 PDF objects out of 1000 (max. 8388607)
 411 compressed objects within 5 object streams
 112 named destinations out of 1000 (max. 500000)
 53581 words of extra memory for PDF output out of 61914 (max. 10000000)

